<?xml version="1.0" encoding="UTF-8"?>
<!-- Generated by org.testng.reporters.JUnitXMLReporter -->
<testsuite ignored="0" hostname="LAPTOP-5KCODA6R" failures="0" tests="4" name="Default test" time="0.119" errors="0" timestamp="2023-08-10T19:24:51 IST">
  <testcase classname="com.Practice.DataProviderTest" name="getDat" time="0.028"/>
  <testcase classname="com.Practice.DataProviderTest" name="getDat" time="0.001"/>
  <testcase classname="com.Practice.DataProviderTest" name="getData" time="0.006"/>
  <testcase classname="com.Practice.DataProviderTest" name="getData" time="0.002"/>
</testsuite> <!-- Default test -->
