<?xml version="1.0" encoding="UTF-8"?>
<!-- Generated by org.testng.reporters.JUnitXMLReporter -->
<testsuite ignored="2" hostname="LAPTOP-5KCODA6R" failures="0" tests="2" name="TestRunner-2" time="15.724" errors="0" timestamp="2023-08-08T17:03:41 IST">
  <testcase classname="Project_TestNG.ViewASupplierTest" name="ViewASupplier" time="2.437"/>
  <testcase classname="com.Assignment.AddAccountTest" name="addUserAccountTest" time="0.526"/>
  <testcase classname="com.Trid.GenericUtility.BaseClass" name="@BeforeSuite config_BS" time="0.0">
    <ignored/>
  </testcase> <!-- @BeforeSuite config_BS -->
  <testcase classname="com.Trid.GenericUtility.BaseClass" name="@AfterSuite config_AS" time="0.0">
    <ignored/>
  </testcase> <!-- @AfterSuite config_AS -->
</testsuite> <!-- TestRunner-2 -->
